<?xml version="1.0" encoding="utf-8"?><testsuites name="pytest tests"><testsuite name="pytest" errors="0" failures="0" skipped="0" tests="18" time="53.774" timestamp="2026-03-13T17:51:43.339726+00:00" hostname="agent-env-14492b51-2fb4-448b-b548-a445ac75ab3f"><testcase classname="backend.tests.test_content_driven_parser.TestPDFExtraction" name="test_extract_pdf_returns_93_programs" time="6.611" /><testcase classname="backend.tests.test_content_driven_parser.TestPDFExtraction" name="test_extract_pdf_returns_73_sci_lease" time="6.391" /><testcase classname="backend.tests.test_content_driven_parser.TestPDFExtraction" name="test_programs_by_year_breakdown" time="6.205" /><testcase classname="backend.tests.test_content_driven_parser.TestPDFExtraction" name="test_brand_distribution" time="6.641" /><testcase classname="backend.tests.test_content_driven_parser.TestMSRPDiscountBugFix" name="test_wagoneer_s_2024_consumer_cash_zero" time="6.370" /><testcase classname="backend.tests.test_content_driven_parser.TestMSRPDiscountBugFix" name="test_charger_daytona_2024_consumer_cash_zero" time="6.456" /><testcase classname="backend.tests.test_content_driven_parser.TestSCILeaseFixes" name="test_power_wagon_2026_lease_cash_6000" time="0.001" /><testcase classname="backend.tests.test_content_driven_parser.TestSCILeaseFixes" name="test_sci_lease_vehicle_counts_by_year" time="0.000" /><testcase classname="backend.tests.test_content_driven_parser.TestSCILeaseFixes" name="test_sci_lease_model_names_uppercase" time="0.000" /><testcase classname="backend.tests.test_content_driven_parser.TestBonusCash" name="test_fiat_500e_2025_bonus_cash_5000" time="6.401" /><testcase classname="backend.tests.test_content_driven_parser.TestLoyaltyMarkers" name="test_loyalty_markers_count" time="6.745" /><testcase classname="backend.tests.test_content_driven_parser.TestValidationEndpoint" name="test_validate_data_returns_success" time="0.180" /><testcase classname="backend.tests.test_content_driven_parser.TestExcelDownload" name="test_download_excel_returns_valid_xlsx" time="0.394" /><testcase classname="backend.tests.test_content_driven_parser.TestExcelDownload" name="test_excel_has_3_sheets" time="0.590" /><testcase classname="backend.tests.test_content_driven_parser.TestExcelDownload" name="test_excel_sci_lease_column_width" time="0.352" /><testcase classname="backend.tests.test_content_driven_parser.TestExcelDownload" name="test_excel_financement_trim_column_width" time="0.351" /><testcase classname="backend.tests.test_content_driven_parser.TestContentDrivenClassification" name="test_parser_classify_table_function" time="0.028" /><testcase classname="backend.tests.test_content_driven_parser.TestContentDrivenClassification" name="test_parser_detect_rate_columns" time="0.000" /></testsuite></testsuites>