<?xml version="1.0" encoding="utf-8"?><testsuites name="pytest tests"><testsuite name="pytest" errors="0" failures="1" skipped="0" tests="7" time="4.336" timestamp="2026-02-25T15:07:57.743194+00:00" hostname="agent-env-8287e80a-8455-4331-9c0b-7413e916c135"><testcase classname="backend.tests.test_sci_lease_iter6.TestBackendAPIs" name="test_sci_residuals_endpoint" time="2.501" /><testcase classname="backend.tests.test_sci_lease_iter6.TestBackendAPIs" name="test_sci_lease_rates_endpoint" time="1.294" /><testcase classname="backend.tests.test_sci_lease_iter6.TestBackendAPIs" name="test_auth_login" time="0.262" /><testcase classname="backend.tests.test_sci_lease_iter6.TestBackendAPIs" name="test_programs_endpoint" time="0.205"><failure message="TypeError: argument of type 'NoneType' is not iterable">backend/tests/test_sci_lease_iter6.py:86: in test_programs_endpoint
    if p.get("brand") == "Ram" and "Sport" in p.get("trim", "") and "Rebel" in p.get("trim", ""):
                                   ^^^^^^^^^^^^^^^^^^^^^^^^^^^^
E   TypeError: argument of type 'NoneType' is not iterable</failure></testcase><testcase classname="backend.tests.test_sci_lease_iter6.TestLeaseCalculationLogic" name="test_residual_calculation_uses_pdsf" time="0.000" /><testcase classname="backend.tests.test_sci_lease_iter6.TestLeaseCalculationLogic" name="test_tax_credit_limited_to_lease_taxes" time="0.000" /><testcase classname="backend.tests.test_sci_lease_iter6.TestLeaseCalculationLogic" name="test_tax_credit_lost_when_exceeds_taxes" time="0.000" /></testsuite></testsuites>