<?xml version="1.0" encoding="utf-8"?><testsuites name="pytest tests"><testsuite name="pytest" errors="0" failures="0" skipped="0" tests="10" time="1.394" timestamp="2026-03-06T12:49:03.100639+00:00" hostname="agent-env-eae17b0e-5934-4257-98d9-12f5aef93948"><testcase classname="tests.test_loyalty_event_banner.TestProgramMetaEndpoint" name="test_march_2026_returns_month_of_ram_event" time="0.216" /><testcase classname="tests.test_loyalty_event_banner.TestProgramMetaEndpoint" name="test_february_2026_returns_4x4_event_no_loyalty" time="0.105" /><testcase classname="tests.test_loyalty_event_banner.TestProgramMetaEndpoint" name="test_march_2026_has_no_payments_days" time="0.106" /><testcase classname="tests.test_loyalty_event_banner.TestProgramMetaEndpoint" name="test_march_2026_has_featured_rate" time="0.111" /><testcase classname="tests.test_loyalty_event_banner.TestProgramMetaEndpoint" name="test_auto_detect_latest_period" time="0.108" /><testcase classname="tests.test_loyalty_event_banner.TestProgramMetaDataStructure" name="test_march_2026_complete_structure" time="0.106" /><testcase classname="tests.test_loyalty_event_banner.TestProgramMetaDataStructure" name="test_february_2026_loyalty_toggle_behavior" time="0.137" /><testcase classname="tests.test_loyalty_event_banner.TestProgramMetaDataStructure" name="test_march_2026_loyalty_toggle_behavior" time="0.139" /><testcase classname="tests.test_loyalty_event_banner.TestProgramsEndpoint" name="test_programs_returns_vehicles" time="0.111" /><testcase classname="tests.test_loyalty_event_banner.TestProgramsEndpoint" name="test_ram_1500_big_horn_exists" time="0.100" /></testsuite></testsuites>