<?xml version="1.0" encoding="utf-8"?><testsuites name="pytest tests"><testsuite name="pytest" errors="0" failures="2" skipped="1" tests="8" time="1.604" timestamp="2026-02-26T13:25:16.121819+00:00" hostname="agent-env-d4ba5dcb-6a41-4c58-925e-33f36dcb29e7"><testcase classname="backend.tests.test_calculator_state.TestCalculatorState" name="test_01_login_success" time="0.217" /><testcase classname="backend.tests.test_calculator_state.TestCalculatorState" name="test_02_create_submission_with_calculator_state" time="0.119"><failure message="AssertionError: Response should contain submission ID&#10;assert 'id' in {'message': 'Soumission enregistrée - Rappel dans 24h', 'submission': {'calculator_state': {'accessories': [], 'comptantTxInclus': '', 'customBonusCash': '', 'fraisDossier': '259.95', ...}, 'client_email': 'test_calcstate@example.com', 'client_name': 'TEST_CalcState_Client', 'client_phone': '555-123-4567', ...}, 'success': True}">backend/tests/test_calculator_state.py:112: in test_02_create_submission_with_calculator_state
    assert "id" in data, "Response should contain submission ID"
E   AssertionError: Response should contain submission ID
E   assert 'id' in {'message': 'Soumission enregistrée - Rappel dans 24h', 'submission': {'calculator_state': {'accessories': [], 'comptantTxInclus': '', 'customBonusCash': '', 'fraisDossier': '259.95', ...}, 'client_email': 'test_calcstate@example.com', 'client_name': 'TEST_CalcState_Client', 'client_phone': '555-123-4567', ...}, 'success': True}</failure></testcase><testcase classname="backend.tests.test_calculator_state.TestCalculatorState" name="test_03_get_submission_returns_calculator_state" time="0.122" /><testcase classname="backend.tests.test_calculator_state.TestCalculatorState" name="test_04_get_single_submission_returns_calculator_state" time="0.000"><skipped type="pytest.skip" message="No submission ID from previous test">/app/backend/tests/test_calculator_state.py:175: No submission ID from previous test</skipped></testcase><testcase classname="backend.tests.test_calculator_state.TestCalculatorState" name="test_05_submission_without_calculator_state" time="0.158"><failure message="KeyError: 'id'">backend/tests/test_calculator_state.py:223: in test_05_submission_without_calculator_state
    TestCalculatorState.no_calc_state_id = data["id"]
                                           ^^^^^^^^^^
E   KeyError: 'id'</failure></testcase><testcase classname="backend.tests.test_calculator_state.TestCalculatorState" name="test_06_cleanup_test_submissions" time="0.393" /><testcase classname="backend.tests.test_calculator_state.TestHistoryTabAPI" name="test_01_get_submissions_for_history" time="0.302" /><testcase classname="backend.tests.test_calculator_state.TestHistoryTabAPI" name="test_02_programs_api_works" time="0.167" /></testsuite></testsuites>