<?xml version="1.0" encoding="utf-8"?><testsuites name="pytest tests"><testsuite name="pytest" errors="0" failures="0" skipped="0" tests="13" time="2.387" timestamp="2026-02-25T14:02:33.972550+00:00" hostname="agent-env-8287e80a-8455-4331-9c0b-7413e916c135"><testcase classname="backend.tests.test_sci_lease.TestSCILeaseAPIs" name="test_get_sci_residuals" time="0.175" /><testcase classname="backend.tests.test_sci_lease.TestSCILeaseAPIs" name="test_sci_residuals_vehicle_structure" time="0.189" /><testcase classname="backend.tests.test_sci_lease.TestSCILeaseAPIs" name="test_get_sci_lease_rates" time="0.153" /><testcase classname="backend.tests.test_sci_lease.TestSCILeaseAPIs" name="test_ram_1500_sport_rebel_lease_cash" time="0.128" /><testcase classname="backend.tests.test_sci_lease.TestSCILeaseAPIs" name="test_post_calculate_lease_ram_1500" time="0.108" /><testcase classname="backend.tests.test_sci_lease.TestSCILeaseAPIs" name="test_calculate_lease_km_adjustment" time="0.279" /><testcase classname="backend.tests.test_sci_lease.TestSCILeaseAPIs" name="test_calculate_lease_different_terms" time="0.537" /><testcase classname="backend.tests.test_sci_lease.TestAuthenticationAndLogin" name="test_login_success" time="0.125" /><testcase classname="backend.tests.test_sci_lease.TestAuthenticationAndLogin" name="test_programs_api" time="0.131" /><testcase classname="backend.tests.test_sci_lease.TestLeaseRateMatching" name="test_match_ram_1500_sport" time="0.128" /><testcase classname="backend.tests.test_sci_lease.TestLeaseRateMatching" name="test_match_ram_1500_rebel" time="0.116" /><testcase classname="backend.tests.test_sci_lease.TestResidualMatching" name="test_ram_1500_sport_residual" time="0.120" /><testcase classname="backend.tests.test_sci_lease.TestResidualMatching" name="test_ram_1500_rebel_residual" time="0.116" /></testsuite></testsuites>