<?xml version="1.0" encoding="utf-8"?><testsuites name="pytest tests"><testsuite name="pytest" errors="0" failures="0" skipped="0" tests="12" time="18.625" timestamp="2026-03-10T18:44:53.875736+00:00" hostname="agent-env-14492b51-2fb4-448b-b548-a445ac75ab3f"><testcase classname="tests.test_march_2026_extraction.TestMarchPDFAutoDetect" name="test_scan_pdf_auto_detect_pages" time="0.640" /><testcase classname="tests.test_march_2026_extraction.TestMarchPDFSyncExtraction" name="test_extract_pdf_sync_93_programs" time="8.924" /><testcase classname="tests.test_march_2026_extraction.TestMarchPDFAsyncExtraction" name="test_extract_pdf_async_queues_correctly" time="7.735" /><testcase classname="tests.test_march_2026_extraction.TestCherokee2026NoOption2" name="test_cherokee_2026_option2_is_none" time="0.164" /><testcase classname="tests.test_march_2026_extraction.TestGrandCherokee2026Rates" name="test_grand_cherokee_2026_variable_rates" time="0.128" /><testcase classname="tests.test_march_2026_extraction.TestCompassNorth" name="test_compass_north_cash_and_rates" time="0.119" /><testcase classname="tests.test_march_2026_extraction.TestFiat500e" name="test_fiat_500e_2026_consumer_cash" time="0.124" /><testcase classname="tests.test_march_2026_extraction.TestFiat500e" name="test_fiat_500e_2025_bonus_cash" time="0.154" /><testcase classname="tests.test_march_2026_extraction.TestSCILeaseRatesMarch" name="test_sci_lease_vehicle_counts" time="0.113" /><testcase classname="tests.test_march_2026_extraction.TestSCILeaseRatesMarch" name="test_cherokee_excluding_base_lease_cash" time="0.126" /><testcase classname="tests.test_march_2026_extraction.TestProgramsCount" name="test_programs_count_93" time="0.118" /><testcase classname="tests.test_march_2026_extraction.TestProgramsCount" name="test_all_brands_present" time="0.208" /></testsuite></testsuites>