<?xml version="1.0" encoding="utf-8"?><testsuites name="pytest tests"><testsuite name="pytest" errors="0" failures="0" skipped="0" tests="9" time="1.752" timestamp="2026-02-25T18:58:51.602070+00:00" hostname="agent-env-c1f35266-3a75-4402-b874-eddcfbe18fc6"><testcase classname="tests.test_extract_pdf_dual_page.TestVerifyPassword" name="test_verify_password_correct" time="0.329" /><testcase classname="tests.test_extract_pdf_dual_page.TestVerifyPassword" name="test_verify_password_wrong" time="0.109" /><testcase classname="tests.test_extract_pdf_dual_page.TestExtractPdfAuth" name="test_extract_pdf_wrong_password" time="0.153" /><testcase classname="tests.test_extract_pdf_dual_page.TestExtractPdfParameters" name="test_extract_pdf_accepts_lease_page_params" time="0.355" /><testcase classname="tests.test_extract_pdf_dual_page.TestExtractPdfParameters" name="test_extract_pdf_without_lease_pages" time="0.134" /><testcase classname="tests.test_extract_pdf_dual_page.TestSciLeaseRates" name="test_sci_lease_rates_returns_valid_structure" time="0.120" /><testcase classname="tests.test_extract_pdf_dual_page.TestSciLeaseRates" name="test_sci_lease_rates_has_metadata" time="0.166" /><testcase classname="tests.test_extract_pdf_dual_page.TestSciVehicleHierarchy" name="test_vehicle_hierarchy_returns_valid_structure" time="0.169" /><testcase classname="tests.test_extract_pdf_dual_page.TestExtractPdfResponseModel" name="test_response_model_includes_sci_lease_count" time="0.125" /></testsuite></testsuites>