<?xml version="1.0" encoding="utf-8"?><testsuites name="pytest tests"><testsuite name="pytest" errors="0" failures="0" skipped="0" tests="9" time="1.790" timestamp="2026-03-02T23:30:28.152038+00:00" hostname="agent-env-d44288ee-bcc3-428c-9ce6-05801edacb91"><testcase classname="backend.tests.test_sci_lease_refactored.TestSCILeaseRefactored" name="test_ram_1500_tradesman_exact_values" time="0.249" /><testcase classname="backend.tests.test_sci_lease_refactored.TestSCILeaseRefactored" name="test_zero_rate_edge_case" time="0.167" /><testcase classname="backend.tests.test_sci_lease_refactored.TestSCILeaseRefactored" name="test_trade_in_credit_taxe_echange" time="0.110" /><testcase classname="backend.tests.test_sci_lease_refactored.TestSCILeaseRefactored" name="test_trade_in_reduces_net_cap_cost" time="0.294" /><testcase classname="backend.tests.test_sci_lease_refactored.TestSCILeaseRefactored" name="test_negative_solde_reporte_increases_net_cap_cost" time="0.268" /><testcase classname="backend.tests.test_sci_lease_refactored.TestSCILeaseRefactored" name="test_positive_solde_reporte_is_credit" time="0.265" /><testcase classname="backend.tests.test_sci_lease_refactored.TestSCILeaseRefactored" name="test_calculation_response_structure" time="0.100" /><testcase classname="backend.tests.test_sci_lease_refactored.TestSCILeaseCalculationFormula" name="test_formula_verification_manual_calculation" time="0.111" /><testcase classname="backend.tests.test_sci_lease_refactored.TestAuthentication" name="test_login_success" time="0.117" /></testsuite></testsuites>