<?xml version="1.0" encoding="utf-8"?><testsuites name="pytest tests"><testsuite name="pytest" errors="0" failures="0" skipped="0" tests="11" time="6.332" timestamp="2026-02-25T22:28:25.804297+00:00" hostname="agent-env-d4ba5dcb-6a41-4c58-925e-33f36dcb29e7"><testcase classname="tests.test_body_style_iter10.TestResidualEndpoint" name="test_residuals_endpoint_returns_200" time="2.783" /><testcase classname="tests.test_body_style_iter10.TestResidualEndpoint" name="test_residuals_contain_vehicles" time="0.431" /><testcase classname="tests.test_body_style_iter10.TestResidualEndpoint" name="test_residuals_vehicles_have_body_style" time="1.412" /><testcase classname="tests.test_body_style_iter10.TestResidualEndpoint" name="test_residuals_vehicle_structure" time="0.574" /><testcase classname="tests.test_body_style_iter10.TestInventoryEndpointAuth" name="test_inventory_requires_auth" time="0.153" /><testcase classname="tests.test_body_style_iter10.TestLeaseRatesEndpoint" name="test_lease_rates_returns_200" time="0.119" /><testcase classname="tests.test_body_style_iter10.TestLeaseRatesEndpoint" name="test_lease_rates_structure" time="0.134" /><testcase classname="tests.test_body_style_iter10.TestLoginAndInventory" name="test_login_success" time="0.162" /><testcase classname="tests.test_body_style_iter10.TestLoginAndInventory" name="test_inventory_with_auth" time="0.253" /><testcase classname="tests.test_body_style_iter10.TestProgramsEndpoint" name="test_programs_returns_200" time="0.119" /><testcase classname="tests.test_body_style_iter10.TestProgramsEndpoint" name="test_programs_structure" time="0.126" /></testsuite></testsuites>