<?xml version="1.0" encoding="utf-8"?><testsuites name="pytest tests"><testsuite name="pytest" errors="0" failures="0" skipped="1" tests="8" time="1.544" timestamp="2026-02-26T13:26:01.886168+00:00" hostname="agent-env-d4ba5dcb-6a41-4c58-925e-33f36dcb29e7"><testcase classname="backend.tests.test_calculator_state.TestCalculatorState" name="test_01_login_success" time="0.160" /><testcase classname="backend.tests.test_calculator_state.TestCalculatorState" name="test_02_create_submission_with_calculator_state" time="0.106" /><testcase classname="backend.tests.test_calculator_state.TestCalculatorState" name="test_03_get_submission_returns_calculator_state" time="0.121" /><testcase classname="backend.tests.test_calculator_state.TestCalculatorState" name="test_04_get_single_submission_returns_calculator_state" time="0.118"><skipped type="pytest.skip" message="GET /api/submissions/{id} endpoint not available">/app/backend/tests/test_calculator_state.py:197: GET /api/submissions/{id} endpoint not available</skipped></testcase><testcase classname="backend.tests.test_calculator_state.TestCalculatorState" name="test_05_submission_without_calculator_state" time="0.120" /><testcase classname="backend.tests.test_calculator_state.TestCalculatorState" name="test_06_cleanup_test_submissions" time="0.333" /><testcase classname="backend.tests.test_calculator_state.TestHistoryTabAPI" name="test_01_get_submissions_for_history" time="0.403" /><testcase classname="backend.tests.test_calculator_state.TestHistoryTabAPI" name="test_02_programs_api_works" time="0.125" /></testsuite></testsuites>