<?xml version="1.0" encoding="utf-8"?><testsuites name="pytest tests"><testsuite name="pytest" errors="0" failures="0" skipped="0" tests="8" time="3.428" timestamp="2026-03-02T20:41:08.739376+00:00" hostname="agent-env-d44288ee-bcc3-428c-9ce6-05801edacb91"><testcase classname="backend.tests.test_fuzzy_matching_cpos.TestFuzzyMatchingCPOSCodes" name="test_import_with_cpos_appended_to_trim_matches_and_updates" time="0.834" /><testcase classname="backend.tests.test_fuzzy_matching_cpos.TestFuzzyMatchingCPOSCodes" name="test_import_with_product_code_wljh74_matches" time="0.747" /><testcase classname="backend.tests.test_fuzzy_matching_cpos.TestFuzzyMatchingCPOSCodes" name="test_import_with_multiple_product_codes" time="0.650" /><testcase classname="backend.tests.test_fuzzy_matching_cpos.TestFuzzyMatchingCPOSCodes" name="test_descriptive_text_preserved_during_matching" time="0.648" /><testcase classname="backend.tests.test_fuzzy_matching_cpos.TestComparisonAfterFuzzyMatch" name="test_comparison_history_includes_fuzzy_match_imports" time="0.061" /><testcase classname="backend.tests.test_fuzzy_matching_cpos.TestComparisonAfterFuzzyMatch" name="test_comparison_detail_shows_avant_apres" time="0.095" /><testcase classname="backend.tests.test_fuzzy_matching_cpos.TestSCIImportExport" name="test_sci_export_returns_xlsx" time="0.157" /><testcase classname="backend.tests.test_fuzzy_matching_cpos.TestSCIImportExport" name="test_sci_comparisons_endpoint" time="0.052" /></testsuite></testsuites>