<?xml version="1.0" encoding="utf-8"?><testsuites name="pytest tests"><testsuite name="pytest" errors="0" failures="0" skipped="0" tests="23" time="9.952" timestamp="2026-03-10T02:50:52.835542+00:00" hostname="agent-env-14492b51-2fb4-448b-b548-a445ac75ab3f"><testcase classname="backend.tests.test_march_2026_programs.TestMarch2026Programs" name="test_get_programs_returns_93_programs" time="0.317" /><testcase classname="backend.tests.test_march_2026_programs.TestMarch2026Programs" name="test_programs_have_all_brands" time="0.129" /><testcase classname="backend.tests.test_march_2026_programs.TestMarch2026Programs" name="test_no_model_name_duplication_in_trim" time="0.123" /><testcase classname="backend.tests.test_march_2026_programs.TestMarch2026Programs" name="test_cherokee_models_correct_naming" time="0.128" /><testcase classname="backend.tests.test_march_2026_programs.TestMarch2026Programs" name="test_wagoneer_models_correct_naming" time="0.129" /><testcase classname="backend.tests.test_march_2026_programs.TestMarch2026Programs" name="test_program_structure_valid" time="0.117" /><testcase classname="backend.tests.test_march_2026_programs.TestSCILeaseRates" name="test_get_lease_rates_march_2026" time="0.120" /><testcase classname="backend.tests.test_march_2026_programs.TestSCILeaseRates" name="test_lease_rates_vehicle_counts" time="0.133" /><testcase classname="backend.tests.test_march_2026_programs.TestSCILeaseRates" name="test_cherokee_2026_lease_cash" time="0.122" /><testcase classname="backend.tests.test_march_2026_programs.TestSCILeaseRates" name="test_lease_rates_have_standard_or_alternative" time="0.122" /><testcase classname="backend.tests.test_march_2026_programs.TestSCIResiduals" name="test_get_residuals_available" time="0.114" /><testcase classname="backend.tests.test_march_2026_programs.TestSCIResiduals" name="test_residuals_have_percentages" time="0.116" /><testcase classname="backend.tests.test_march_2026_programs.TestSCIResiduals" name="test_km_adjustments_available" time="0.112" /><testcase classname="backend.tests.test_march_2026_programs.TestPDFExtraction" name="test_extract_pdf_async_requires_file" time="0.157" /><testcase classname="backend.tests.test_march_2026_programs.TestPDFExtraction" name="test_extract_pdf_async_requires_password" time="0.384" /><testcase classname="backend.tests.test_march_2026_programs.TestPDFExtraction" name="test_extract_pdf_async_queues_task" time="0.566" /><testcase classname="backend.tests.test_march_2026_programs.TestBrandFilters" name="test_brand_has_programs[Chrysler]" time="2.099" /><testcase classname="backend.tests.test_march_2026_programs.TestBrandFilters" name="test_brand_has_programs[Dodge]" time="3.924" /><testcase classname="backend.tests.test_march_2026_programs.TestBrandFilters" name="test_brand_has_programs[Fiat]" time="0.159" /><testcase classname="backend.tests.test_march_2026_programs.TestBrandFilters" name="test_brand_has_programs[Jeep]" time="0.131" /><testcase classname="backend.tests.test_march_2026_programs.TestBrandFilters" name="test_brand_has_programs[Ram]" time="0.137" /><testcase classname="backend.tests.test_march_2026_programs.TestEndToEndIntegration" name="test_programs_and_lease_data_consistency" time="0.183" /><testcase classname="backend.tests.test_march_2026_programs.TestEndToEndIntegration" name="test_api_health_check" time="0.323" /></testsuite></testsuites>