<?xml version="1.0" encoding="utf-8"?><testsuites name="pytest tests"><testsuite name="pytest" errors="0" failures="0" skipped="0" tests="9" time="0.646" timestamp="2026-03-06T13:30:23.745185+00:00" hostname="agent-env-eae17b0e-5934-4257-98d9-12f5aef93948"><testcase classname="tests.test_deferred_payment_90day.TestDeferredPaymentAPI" name="test_program_meta_returns_no_payments_days" time="0.172" /><testcase classname="tests.test_deferred_payment_90day.TestDeferredPaymentAPI" name="test_program_meta_includes_all_required_fields" time="0.122" /><testcase classname="tests.test_deferred_payment_90day.TestDeferredPaymentAPI" name="test_program_meta_feb2026_no_deferred" time="0.111" /><testcase classname="tests.test_deferred_payment_90day.TestDeferredPaymentCalculation" name="test_deferred_calculation_math" time="0.000" /><testcase classname="tests.test_deferred_payment_90day.TestDeferredPaymentCalculation" name="test_84month_eligible_payment_increase" time="0.000" /><testcase classname="tests.test_deferred_payment_90day.TestDeferredPaymentCalculation" name="test_96month_ineligible" time="0.000" /><testcase classname="tests.test_deferred_payment_90day.TestDeferredPaymentCalculation" name="test_various_terms_eligibility" time="0.000" /><testcase classname="tests.test_deferred_payment_90day.TestCombinedLoyaltyAndDeferred" name="test_combined_loyalty_and_deferred" time="0.000" /><testcase classname="tests.test_deferred_payment_90day.TestProgramsWithDeferredEligibility" name="test_programs_have_rate_data" time="0.190" /></testsuite></testsuites>