<?xml version="1.0" encoding="utf-8"?><testsuites name="pytest tests"><testsuite name="pytest" errors="0" failures="0" skipped="0" tests="7" time="2.116" timestamp="2026-02-24T01:29:23.091303+00:00" hostname="agent-env-d0e389e9-5c9d-4b28-9d4d-98dbeb5a1188"><testcase classname="backend.tests.test_scan_invoice.TestScanInvoicePartialData" name="test_login_works" time="0.398" /><testcase classname="backend.tests.test_scan_invoice.TestScanInvoicePartialData" name="test_scan_invoice_endpoint_exists" time="0.293" /><testcase classname="backend.tests.test_scan_invoice.TestScanInvoicePartialData" name="test_scan_invoice_with_invalid_image" time="0.291" /><testcase classname="backend.tests.test_scan_invoice.TestScanInvoicePartialData" name="test_scan_invoice_response_structure" time="0.410" /><testcase classname="backend.tests.test_scan_invoice.TestScanInvoicePartialData" name="test_inventory_access" time="0.290" /><testcase classname="backend.tests.test_scan_invoice.TestScanInvoicePartialData" name="test_inventory_stats" time="0.255" /><testcase classname="backend.tests.test_scan_invoice.TestFrontendAcceptance" name="test_frontend_logic_simulation" time="0.114" /></testsuite></testsuites>