<?xml version="1.0" encoding="utf-8"?><testsuites name="pytest tests"><testsuite name="pytest" errors="0" failures="0" skipped="0" tests="18" time="2.126" timestamp="2026-03-06T11:40:04.933951+00:00" hostname="agent-env-9a445609-584d-4412-bb74-3476cd9f24bd"><testcase classname="backend.tests.test_pdfplumber_extraction.TestRetailProgramsAPI" name="test_programs_endpoint_returns_data" time="0.184" /><testcase classname="backend.tests.test_pdfplumber_extraction.TestRetailProgramsAPI" name="test_programs_count_at_least_81" time="0.113" /><testcase classname="backend.tests.test_pdfplumber_extraction.TestRetailProgramsAPI" name="test_programs_have_required_fields" time="0.112" /><testcase classname="backend.tests.test_pdfplumber_extraction.TestRetailProgramsAPI" name="test_fiat_500e_bev_2025_data" time="0.105" /><testcase classname="backend.tests.test_pdfplumber_extraction.TestRetailProgramsAPI" name="test_ram_1500_laramie_dt6p98_2026" time="0.113" /><testcase classname="backend.tests.test_pdfplumber_extraction.TestRetailProgramsAPI" name="test_dodge_durango_srt_hellcat_2026" time="0.164" /><testcase classname="backend.tests.test_pdfplumber_extraction.TestRetailProgramsAPI" name="test_jeep_compass_limited_2026" time="0.113" /><testcase classname="backend.tests.test_pdfplumber_extraction.TestSCILeaseAPI" name="test_sci_lease_endpoint_returns_data" time="0.103" /><testcase classname="backend.tests.test_pdfplumber_extraction.TestSCILeaseAPI" name="test_sci_lease_vehicle_count" time="0.103" /><testcase classname="backend.tests.test_pdfplumber_extraction.TestSCILeaseAPI" name="test_sci_lease_vehicle_structure" time="0.109" /><testcase classname="backend.tests.test_pdfplumber_extraction.TestDataFilesExist" name="test_key_incentives_file_exists" time="0.000" /><testcase classname="backend.tests.test_pdfplumber_extraction.TestDataFilesExist" name="test_sci_lease_rates_file_exists" time="0.000" /><testcase classname="backend.tests.test_pdfplumber_extraction.TestAsyncExtractionEndpoints" name="test_extract_task_endpoint_exists" time="0.100" /><testcase classname="backend.tests.test_pdfplumber_extraction.TestAsyncExtractionEndpoints" name="test_verify_password_endpoint" time="0.108" /><testcase classname="backend.tests.test_pdfplumber_extraction.TestAsyncExtractionEndpoints" name="test_verify_password_wrong" time="0.199" /><testcase classname="backend.tests.test_pdfplumber_extraction.TestSpecificVehicleData" name="test_all_brands_present" time="0.111" /><testcase classname="backend.tests.test_pdfplumber_extraction.TestSpecificVehicleData" name="test_both_years_present" time="0.116" /><testcase classname="backend.tests.test_pdfplumber_extraction.TestSpecificVehicleData" name="test_option_rates_structure" time="0.103" /></testsuite></testsuites>