<?xml version="1.0" encoding="utf-8"?><testsuites name="pytest tests"><testsuite name="pytest" errors="0" failures="0" skipped="0" tests="11" time="8.833" timestamp="2026-03-17T21:25:11.374763+00:00" hostname="agent-env-b0b88eb3-70d9-40d9-8337-5ec94abc83ab"><testcase classname="backend.tests.test_sci_lease_fix.TestScanPDF" name="test_scan_march_2026_pdf_detects_lease_pages" time="0.717" /><testcase classname="backend.tests.test_sci_lease_fix.TestExtractPDF" name="test_extract_march_2026_pdf_counts" time="6.308" /><testcase classname="backend.tests.test_sci_lease_fix.TestSavedSCILeaseData" name="test_march_2026_vehicle_counts" time="0.001" /><testcase classname="backend.tests.test_sci_lease_fix.TestSavedSCILeaseData" name="test_march_2026_compass_north_lease_cash" time="0.000" /><testcase classname="backend.tests.test_sci_lease_fix.TestSavedSCILeaseData" name="test_march_2026_ram_sport_rebel_lease_cash" time="0.000" /><testcase classname="backend.tests.test_sci_lease_fix.TestSavedSCILeaseData" name="test_march_2026_durango_srt_hellcat_lease_cash" time="0.000" /><testcase classname="backend.tests.test_sci_lease_fix.TestSavedSCILeaseData" name="test_march_2026_ram_laramie_lease_cash" time="0.000" /><testcase classname="backend.tests.test_sci_lease_fix.TestSavedSCILeaseData" name="test_march_2026_grand_caravan_alt_rates" time="0.000" /><testcase classname="backend.tests.test_sci_lease_fix.TestSavedSCILeaseData" name="test_february_2026_vehicle_counts" time="0.000" /><testcase classname="backend.tests.test_sci_lease_fix.TestSavedSCILeaseData" name="test_all_2026_vehicles_have_rates" time="0.000" /><testcase classname="backend.tests.test_sci_lease_fix.TestParserFix" name="test_parse_sci_lease_march_directly" time="1.708" /></testsuite></testsuites>