<?xml version="1.0" encoding="utf-8"?><testsuites name="pytest tests"><testsuite name="pytest" errors="0" failures="0" skipped="0" tests="7" time="2.049" timestamp="2026-02-25T15:08:23.336507+00:00" hostname="agent-env-8287e80a-8455-4331-9c0b-7413e916c135"><testcase classname="backend.tests.test_sci_lease_iter6.TestBackendAPIs" name="test_sci_residuals_endpoint" time="1.437" /><testcase classname="backend.tests.test_sci_lease_iter6.TestBackendAPIs" name="test_sci_lease_rates_endpoint" time="0.146" /><testcase classname="backend.tests.test_sci_lease_iter6.TestBackendAPIs" name="test_auth_login" time="0.175" /><testcase classname="backend.tests.test_sci_lease_iter6.TestBackendAPIs" name="test_programs_endpoint" time="0.230" /><testcase classname="backend.tests.test_sci_lease_iter6.TestLeaseCalculationLogic" name="test_residual_calculation_uses_pdsf" time="0.000" /><testcase classname="backend.tests.test_sci_lease_iter6.TestLeaseCalculationLogic" name="test_tax_credit_limited_to_lease_taxes" time="0.000" /><testcase classname="backend.tests.test_sci_lease_iter6.TestLeaseCalculationLogic" name="test_tax_credit_lost_when_exceeds_taxes" time="0.000" /></testsuite></testsuites>