<?xml version="1.0" encoding="utf-8"?><testsuites name="pytest tests"><testsuite name="pytest" errors="0" failures="1" skipped="1" tests="11" time="2.263" timestamp="2026-02-25T22:28:05.886770+00:00" hostname="agent-env-d4ba5dcb-6a41-4c58-925e-33f36dcb29e7"><testcase classname="tests.test_body_style_iter10.TestResidualEndpoint" name="test_residuals_endpoint_returns_200" time="0.355" /><testcase classname="tests.test_body_style_iter10.TestResidualEndpoint" name="test_residuals_contain_vehicles" time="0.207" /><testcase classname="tests.test_body_style_iter10.TestResidualEndpoint" name="test_residuals_vehicles_have_body_style" time="0.211" /><testcase classname="tests.test_body_style_iter10.TestResidualEndpoint" name="test_residuals_vehicle_structure" time="0.171" /><testcase classname="tests.test_body_style_iter10.TestInventoryEndpointAuth" name="test_inventory_requires_auth" time="0.141" /><testcase classname="tests.test_body_style_iter10.TestLeaseRatesEndpoint" name="test_lease_rates_returns_200" time="0.164" /><testcase classname="tests.test_body_style_iter10.TestLeaseRatesEndpoint" name="test_lease_rates_structure" time="0.144" /><testcase classname="tests.test_body_style_iter10.TestLoginAndInventory" name="test_login_success" time="0.252"><failure message="AssertionError: Login failed: 404 - {&quot;detail&quot;:&quot;Not Found&quot;}&#10;assert 404 == 200&#10; +  where 404 = &lt;Response [404]&gt;.status_code">tests/test_body_style_iter10.py:125: in test_login_success
    assert response.status_code == 200, f"Login failed: {response.status_code} - {response.text}"
E   AssertionError: Login failed: 404 - {"detail":"Not Found"}
E   assert 404 == 200
E    +  where 404 = &lt;Response [404]&gt;.status_code</failure></testcase><testcase classname="tests.test_body_style_iter10.TestLoginAndInventory" name="test_inventory_with_auth" time="0.213"><skipped type="pytest.skip" message="Login failed with status 404">/app/backend/tests/test_body_style_iter10.py:132: Login failed with status 404</skipped></testcase><testcase classname="tests.test_body_style_iter10.TestProgramsEndpoint" name="test_programs_returns_200" time="0.158" /><testcase classname="tests.test_body_style_iter10.TestProgramsEndpoint" name="test_programs_structure" time="0.129" /></testsuite></testsuites>