<?xml version="1.0" encoding="utf-8"?><testsuites name="pytest tests"><testsuite name="pytest" errors="0" failures="0" skipped="0" tests="15" time="3.505" timestamp="2026-03-02T20:17:40.901623+00:00" hostname="agent-env-d44288ee-bcc3-428c-9ce6-05801edacb91"><testcase classname="backend.tests.test_excel_import_comparison.TestProgramsExportExcel" name="test_export_programs_excel_returns_xlsx" time="0.329" /><testcase classname="backend.tests.test_excel_import_comparison.TestProgramsExportExcel" name="test_export_programs_with_period_filter" time="0.125" /><testcase classname="backend.tests.test_excel_import_comparison.TestProgramsImportExcel" name="test_import_without_password_fails" time="0.343" /><testcase classname="backend.tests.test_excel_import_comparison.TestProgramsImportExcel" name="test_import_with_wrong_password_fails" time="0.269" /><testcase classname="backend.tests.test_excel_import_comparison.TestProgramsImportExcel" name="test_import_unchanged_returns_zero_updates" time="0.306" /><testcase classname="backend.tests.test_excel_import_comparison.TestProgramsImportExcel" name="test_import_with_changes_returns_comparison" time="0.492" /><testcase classname="backend.tests.test_excel_import_comparison.TestProgramsComparisonsHistory" name="test_get_comparisons_returns_list" time="0.052" /><testcase classname="backend.tests.test_excel_import_comparison.TestProgramsComparisonsHistory" name="test_comparisons_sorted_by_date_desc" time="0.055" /><testcase classname="backend.tests.test_excel_import_comparison.TestSCIExportExcel" name="test_export_sci_excel_returns_xlsx" time="0.116" /><testcase classname="backend.tests.test_excel_import_comparison.TestSCIImportExcel" name="test_sci_import_without_password_fails" time="0.262" /><testcase classname="backend.tests.test_excel_import_comparison.TestSCIImportExcel" name="test_sci_import_unchanged_returns_zero_updates" time="0.240" /><testcase classname="backend.tests.test_excel_import_comparison.TestSCIImportExcel" name="test_sci_import_with_changes_returns_comparison" time="0.447" /><testcase classname="backend.tests.test_excel_import_comparison.TestSCIComparisonsHistory" name="test_get_sci_comparisons_returns_list" time="0.062" /><testcase classname="backend.tests.test_excel_import_comparison.TestComparisonDetail" name="test_get_comparison_detail" time="0.114" /><testcase classname="backend.tests.test_excel_import_comparison.TestComparisonDetail" name="test_get_invalid_comparison_returns_404" time="0.065" /></testsuite></testsuites>