<?xml version="1.0" encoding="utf-8"?><testsuites name="pytest tests"><testsuite name="pytest" errors="0" failures="0" skipped="0" tests="13" time="2.120" timestamp="2026-02-26T18:49:55.972610+00:00" hostname="agent-env-a6bc16e3-42f5-4a3c-b5d9-f76ac22b9b74"><testcase classname="backend.tests.test_trim_sort_order.TestTrimSortOrder" name="test_api_ping" time="0.233" /><testcase classname="backend.tests.test_trim_sort_order.TestTrimSortOrder" name="test_programs_endpoint_returns_programs" time="0.250" /><testcase classname="backend.tests.test_trim_sort_order.TestTrimSortOrder" name="test_programs_sorted_by_sort_order" time="0.125" /><testcase classname="backend.tests.test_trim_sort_order.TestTrimSortOrder" name="test_brand_order" time="0.145" /><testcase classname="backend.tests.test_trim_sort_order.TestTrimSortOrder" name="test_jeep_model_order" time="0.125" /><testcase classname="backend.tests.test_trim_sort_order.TestTrimSortOrder" name="test_compass_trim_order_2026" time="0.157" /><testcase classname="backend.tests.test_trim_sort_order.TestTrimSortOrder" name="test_ram_1500_trim_order_2026" time="0.187" /><testcase classname="backend.tests.test_trim_sort_order.TestTrimSortOrder" name="test_trim_orders_endpoint" time="0.108" /><testcase classname="backend.tests.test_trim_sort_order.TestLoginAndAuth" name="test_login_success" time="0.117" /><testcase classname="backend.tests.test_trim_sort_order.TestLoginAndAuth" name="test_login_invalid_credentials" time="0.140" /><testcase classname="backend.tests.test_trim_sort_order.TestFilteringWithSortOrder" name="test_filter_by_year_maintains_sort" time="0.164" /><testcase classname="backend.tests.test_trim_sort_order.TestFilteringWithSortOrder" name="test_filter_by_period_maintains_sort" time="0.137" /><testcase classname="backend.tests.test_trim_sort_order.TestSortOrderValues" name="test_sort_order_structure" time="0.113" /></testsuite></testsuites>