<?xml version="1.0" encoding="utf-8"?><testsuites name="pytest tests"><testsuite name="pytest" errors="0" failures="0" skipped="0" tests="12" time="4.134" timestamp="2026-02-25T16:51:57.804736+00:00" hostname="agent-env-93c2a266-12a9-4b95-a212-d2cc01d64360"><testcase classname="backend.tests.test_sci_cascade_iter7.TestSciVehicleHierarchy" name="test_vehicle_hierarchy_returns_200" time="0.305" /><testcase classname="backend.tests.test_sci_cascade_iter7.TestSciVehicleHierarchy" name="test_hierarchy_contains_expected_brands" time="0.241" /><testcase classname="backend.tests.test_sci_cascade_iter7.TestSciVehicleHierarchy" name="test_hierarchy_has_models_for_jeep" time="0.201" /><testcase classname="backend.tests.test_sci_cascade_iter7.TestSciVehicleHierarchy" name="test_hierarchy_has_body_styles_for_trims" time="0.402" /><testcase classname="backend.tests.test_sci_cascade_iter7.TestSciVehicleHierarchy" name="test_chrysler_pacifica_structure" time="0.148" /><testcase classname="backend.tests.test_sci_cascade_iter7.TestInventoryWithBodyStyle" name="test_create_vehicle_with_body_style" time="0.843" /><testcase classname="backend.tests.test_sci_cascade_iter7.TestInventoryWithBodyStyle" name="test_create_vehicle_ram_1500_with_body_style" time="0.554" /><testcase classname="backend.tests.test_sci_cascade_iter7.TestInventoryWithBodyStyle" name="test_update_vehicle_body_style" time="0.707" /><testcase classname="backend.tests.test_sci_cascade_iter7.TestCascadingLogic" name="test_cascade_brand_to_models" time="0.139" /><testcase classname="backend.tests.test_sci_cascade_iter7.TestCascadingLogic" name="test_cascade_model_to_trims" time="0.189" /><testcase classname="backend.tests.test_sci_cascade_iter7.TestCascadingLogic" name="test_cascade_trim_to_body_styles" time="0.165" /><testcase classname="backend.tests.test_sci_cascade_iter7.TestCascadingLogic" name="test_full_cascade_path" time="0.171" /></testsuite></testsuites>