<?xml version="1.0" encoding="utf-8"?><testsuites name="pytest tests"><testsuite name="pytest" errors="0" failures="3" skipped="0" tests="12" time="12.375" timestamp="2026-02-25T16:49:26.665143+00:00" hostname="agent-env-93c2a266-12a9-4b95-a212-d2cc01d64360"><testcase classname="backend.tests.test_sci_cascade_iter7.TestSciVehicleHierarchy" name="test_vehicle_hierarchy_returns_200" time="0.322" /><testcase classname="backend.tests.test_sci_cascade_iter7.TestSciVehicleHierarchy" name="test_hierarchy_contains_expected_brands" time="0.139" /><testcase classname="backend.tests.test_sci_cascade_iter7.TestSciVehicleHierarchy" name="test_hierarchy_has_models_for_jeep" time="0.164" /><testcase classname="backend.tests.test_sci_cascade_iter7.TestSciVehicleHierarchy" name="test_hierarchy_has_body_styles_for_trims" time="0.158" /><testcase classname="backend.tests.test_sci_cascade_iter7.TestSciVehicleHierarchy" name="test_chrysler_pacifica_structure" time="0.120" /><testcase classname="backend.tests.test_sci_cascade_iter7.TestInventoryWithBodyStyle" name="test_create_vehicle_with_body_style" time="5.337"><failure message="KeyError: 'body_style'">backend/tests/test_sci_cascade_iter7.py:148: in test_create_vehicle_with_body_style
    assert created["body_style"] == "4D Utility", f"body_style not saved correctly: {created.get('body_style')}"
           ^^^^^^^^^^^^^^^^^^^^^
E   KeyError: 'body_style'</failure></testcase><testcase classname="backend.tests.test_sci_cascade_iter7.TestInventoryWithBodyStyle" name="test_create_vehicle_ram_1500_with_body_style" time="4.864"><failure message="KeyError: 'id'">backend/tests/test_sci_cascade_iter7.py:194: in test_create_vehicle_ram_1500_with_body_style
    vehicle_id = created["id"]
                 ^^^^^^^^^^^^^
E   KeyError: 'id'</failure></testcase><testcase classname="backend.tests.test_sci_cascade_iter7.TestInventoryWithBodyStyle" name="test_update_vehicle_body_style" time="0.343"><failure message="KeyError: 'id'">backend/tests/test_sci_cascade_iter7.py:227: in test_update_vehicle_body_style
    vehicle_id = create_response.json()["id"]
                 ^^^^^^^^^^^^^^^^^^^^^^^^^^^^
E   KeyError: 'id'</failure></testcase><testcase classname="backend.tests.test_sci_cascade_iter7.TestCascadingLogic" name="test_cascade_brand_to_models" time="0.179" /><testcase classname="backend.tests.test_sci_cascade_iter7.TestCascadingLogic" name="test_cascade_model_to_trims" time="0.208" /><testcase classname="backend.tests.test_sci_cascade_iter7.TestCascadingLogic" name="test_cascade_trim_to_body_styles" time="0.155" /><testcase classname="backend.tests.test_sci_cascade_iter7.TestCascadingLogic" name="test_full_cascade_path" time="0.240" /></testsuite></testsuites>