<?xml version="1.0" encoding="utf-8"?><testsuites name="pytest tests"><testsuite name="pytest" errors="0" failures="0" skipped="0" tests="13" time="2.449" timestamp="2026-02-25T14:33:19.799792+00:00" hostname="agent-env-8287e80a-8455-4331-9c0b-7413e916c135"><testcase classname="test_sci_lease.TestSCILeaseAPIs" name="test_get_sci_residuals" time="0.164" /><testcase classname="test_sci_lease.TestSCILeaseAPIs" name="test_sci_residuals_vehicle_structure" time="0.139" /><testcase classname="test_sci_lease.TestSCILeaseAPIs" name="test_get_sci_lease_rates" time="0.151" /><testcase classname="test_sci_lease.TestSCILeaseAPIs" name="test_ram_1500_sport_rebel_lease_cash" time="0.184" /><testcase classname="test_sci_lease.TestSCILeaseAPIs" name="test_post_calculate_lease_ram_1500" time="0.213" /><testcase classname="test_sci_lease.TestSCILeaseAPIs" name="test_calculate_lease_km_adjustment" time="0.237" /><testcase classname="test_sci_lease.TestSCILeaseAPIs" name="test_calculate_lease_different_terms" time="0.552" /><testcase classname="test_sci_lease.TestAuthenticationAndLogin" name="test_login_success" time="0.138" /><testcase classname="test_sci_lease.TestAuthenticationAndLogin" name="test_programs_api" time="0.120" /><testcase classname="test_sci_lease.TestLeaseRateMatching" name="test_match_ram_1500_sport" time="0.150" /><testcase classname="test_sci_lease.TestLeaseRateMatching" name="test_match_ram_1500_rebel" time="0.114" /><testcase classname="test_sci_lease.TestResidualMatching" name="test_ram_1500_sport_residual" time="0.109" /><testcase classname="test_sci_lease.TestResidualMatching" name="test_ram_1500_rebel_residual" time="0.120" /></testsuite></testsuites>