<?xml version="1.0" encoding="utf-8"?><testsuites name="pytest tests"><testsuite name="pytest" errors="0" failures="3" skipped="0" tests="12" time="8.492" timestamp="2026-02-25T16:50:09.591331+00:00" hostname="agent-env-93c2a266-12a9-4b95-a212-d2cc01d64360"><testcase classname="backend.tests.test_sci_cascade_iter7.TestSciVehicleHierarchy" name="test_vehicle_hierarchy_returns_200" time="0.254" /><testcase classname="backend.tests.test_sci_cascade_iter7.TestSciVehicleHierarchy" name="test_hierarchy_contains_expected_brands" time="0.122" /><testcase classname="backend.tests.test_sci_cascade_iter7.TestSciVehicleHierarchy" name="test_hierarchy_has_models_for_jeep" time="0.184" /><testcase classname="backend.tests.test_sci_cascade_iter7.TestSciVehicleHierarchy" name="test_hierarchy_has_body_styles_for_trims" time="0.147" /><testcase classname="backend.tests.test_sci_cascade_iter7.TestSciVehicleHierarchy" name="test_chrysler_pacifica_structure" time="0.314" /><testcase classname="backend.tests.test_sci_cascade_iter7.TestInventoryWithBodyStyle" name="test_create_vehicle_with_body_style" time="5.435"><failure message="AssertionError: Create failed: 400 - {&quot;detail&quot;:&quot;Le numéro de stock TEST_CASCADE_001 existe déjà dans l'inventaire&quot;}&#10;assert 400 in [200, 201]&#10; +  where 400 = &lt;Response [400]&gt;.status_code">backend/tests/test_sci_cascade_iter7.py:145: in test_create_vehicle_with_body_style
    assert response.status_code in [200, 201], f"Create failed: {response.status_code} - {response.text}"
E   AssertionError: Create failed: 400 - {"detail":"Le numéro de stock TEST_CASCADE_001 existe déjà dans l'inventaire"}
E   assert 400 in [200, 201]
E    +  where 400 = &lt;Response [400]&gt;.status_code</failure></testcase><testcase classname="backend.tests.test_sci_cascade_iter7.TestInventoryWithBodyStyle" name="test_create_vehicle_ram_1500_with_body_style" time="0.868"><failure message="AssertionError: Create failed: {&quot;detail&quot;:&quot;Le numéro de stock TEST_CASCADE_002 existe déjà dans l'inventaire&quot;}&#10;assert 400 in [200, 201]&#10; +  where 400 = &lt;Response [400]&gt;.status_code">backend/tests/test_sci_cascade_iter7.py:194: in test_create_vehicle_ram_1500_with_body_style
    assert response.status_code in [200, 201], f"Create failed: {response.text}"
E   AssertionError: Create failed: {"detail":"Le numéro de stock TEST_CASCADE_002 existe déjà dans l'inventaire"}
E   assert 400 in [200, 201]
E    +  where 400 = &lt;Response [400]&gt;.status_code</failure></testcase><testcase classname="backend.tests.test_sci_cascade_iter7.TestInventoryWithBodyStyle" name="test_update_vehicle_body_style" time="0.489"><failure message="assert 400 in [200, 201]&#10; +  where 400 = &lt;Response [400]&gt;.status_code">backend/tests/test_sci_cascade_iter7.py:230: in test_update_vehicle_body_style
    assert create_response.status_code in [200, 201]
E   assert 400 in [200, 201]
E    +  where 400 = &lt;Response [400]&gt;.status_code</failure></testcase><testcase classname="backend.tests.test_sci_cascade_iter7.TestCascadingLogic" name="test_cascade_brand_to_models" time="0.131" /><testcase classname="backend.tests.test_sci_cascade_iter7.TestCascadingLogic" name="test_cascade_model_to_trims" time="0.142" /><testcase classname="backend.tests.test_sci_cascade_iter7.TestCascadingLogic" name="test_cascade_trim_to_body_styles" time="0.162" /><testcase classname="backend.tests.test_sci_cascade_iter7.TestCascadingLogic" name="test_full_cascade_path" time="0.143" /></testsuite></testsuites>