<?xml version="1.0" encoding="utf-8"?><testsuites name="pytest tests"><testsuite name="pytest" errors="0" failures="0" skipped="0" tests="8" time="2.925" timestamp="2026-02-25T17:31:27.729018+00:00" hostname="agent-env-93c2a266-12a9-4b95-a212-d2cc01d64360"><testcase classname="test_residual_upload.TestResidualGuideUpload" name="test_upload_residual_guide_success" time="1.998" /><testcase classname="test_residual_upload.TestResidualGuideUpload" name="test_upload_residual_guide_wrong_password" time="0.177" /><testcase classname="test_residual_upload.TestResidualGuideUpload" name="test_upload_residual_guide_missing_password" time="0.339" /><testcase classname="test_residual_upload.TestVehicleHierarchy" name="test_get_vehicle_hierarchy" time="0.079" /><testcase classname="test_residual_upload.TestVehicleHierarchy" name="test_vehicle_hierarchy_structure" time="0.098" /><testcase classname="test_residual_upload.TestVerifyPasswordEndpoint" name="test_verify_password_success" time="0.079" /><testcase classname="test_residual_upload.TestVerifyPasswordEndpoint" name="test_verify_password_failure" time="0.097" /><testcase classname="test_residual_upload.TestJSONFilePersistence" name="test_json_file_exists_after_upload" time="0.002" /></testsuite></testsuites>