<?xml version="1.0" encoding="utf-8"?><testsuites name="pytest tests"><testsuite name="pytest" errors="0" failures="0" skipped="0" tests="22" time="0.754" timestamp="2026-02-22T01:37:17.708136+00:00" hostname="agent-env-b34cdc89-3b80-414d-afa0-2a49b9bfdf8f"><testcase classname="tests.test_backend_apis.TestAuthentication" name="test_login_success" time="0.010" /><testcase classname="tests.test_backend_apis.TestAuthentication" name="test_login_invalid_email" time="0.044" /><testcase classname="tests.test_backend_apis.TestAuthentication" name="test_login_invalid_password" time="0.043" /><testcase classname="tests.test_backend_apis.TestAuthentication" name="test_login_missing_fields" time="0.042" /><testcase classname="tests.test_backend_apis.TestPrograms" name="test_get_programs_list" time="0.007" /><testcase classname="tests.test_backend_apis.TestPrograms" name="test_get_programs_by_period" time="0.005" /><testcase classname="tests.test_backend_apis.TestPrograms" name="test_get_periods" time="0.045" /><testcase classname="tests.test_backend_apis.TestInventory" name="test_get_inventory" time="0.088" /><testcase classname="tests.test_backend_apis.TestInventory" name="test_inventory_requires_auth" time="0.003" /><testcase classname="tests.test_backend_apis.TestInvoiceScan" name="test_scan_invoice_requires_image" time="0.042" /><testcase classname="tests.test_backend_apis.TestInvoiceScan" name="test_scan_invoice_with_invalid_base64" time="0.043" /><testcase classname="tests.test_backend_apis.TestInvoiceScan" name="test_scan_invoice_with_minimal_image" time="0.042" /><testcase classname="tests.test_backend_apis.TestAdminEndpoints" name="test_admin_parsing_stats" time="0.046" /><testcase classname="tests.test_backend_apis.TestAdminEndpoints" name="test_admin_parsing_history" time="0.046" /><testcase classname="tests.test_backend_apis.TestVINValidation" name="test_vin_validation_module" time="0.001" /><testcase classname="tests.test_backend_apis.TestVINValidation" name="test_vin_checksum_validation" time="0.000" /><testcase classname="tests.test_backend_apis.TestScoringValidation" name="test_scoring_threshold_85" time="0.000" /><testcase classname="tests.test_backend_apis.TestScoringValidation" name="test_validation_requires_vin_and_ep" time="0.000" /><testcase classname="tests.test_backend_apis.TestFinancialCalculations" name="test_calculate_endpoint" time="0.089" /><testcase classname="tests.test_backend_apis.TestFinancialCalculations" name="test_payment_calculations_module" time="0.000" /><testcase classname="tests.test_backend_apis.TestAPIHealth" name="test_root_endpoint" time="0.042" /><testcase classname="tests.test_backend_apis.TestAPIHealth" name="test_ping_endpoint" time="0.043" /></testsuite></testsuites>