<?xml version="1.0" encoding="utf-8"?><testsuites name="pytest tests"><testsuite name="pytest" errors="0" failures="0" skipped="0" tests="21" time="5.209" timestamp="2026-02-26T15:18:00.186990+00:00" hostname="agent-env-02fc38a1-0616-4546-bcd7-40e8f2a60a48"><testcase classname="tests.test_refactoring_iter13.TestRootEndpoints" name="test_root_endpoint" time="0.235" /><testcase classname="tests.test_refactoring_iter13.TestRootEndpoints" name="test_ping_endpoint" time="0.175" /><testcase classname="tests.test_refactoring_iter13.TestRootEndpoints" name="test_ping_head_method" time="0.170" /><testcase classname="tests.test_refactoring_iter13.TestAuthEndpoints" name="test_login_success" time="0.123" /><testcase classname="tests.test_refactoring_iter13.TestAuthEndpoints" name="test_login_invalid_credentials" time="0.226" /><testcase classname="tests.test_refactoring_iter13.TestAuthEndpoints" name="test_login_missing_fields" time="0.298" /><testcase classname="tests.test_refactoring_iter13.TestProgramsEndpoints" name="test_get_periods" time="0.157" /><testcase classname="tests.test_refactoring_iter13.TestProgramsEndpoints" name="test_get_programs" time="0.130" /><testcase classname="tests.test_refactoring_iter13.TestProgramsEndpoints" name="test_get_programs_with_filter" time="0.164" /><testcase classname="tests.test_refactoring_iter13.TestSCIEndpoints" name="test_get_residuals" time="0.394" /><testcase classname="tests.test_refactoring_iter13.TestSCIEndpoints" name="test_get_lease_rates" time="0.218" /><testcase classname="tests.test_refactoring_iter13.TestSCIEndpoints" name="test_get_vehicle_hierarchy" time="0.124" /><testcase classname="tests.test_refactoring_iter13.TestAuthenticatedEndpoints" name="test_get_contacts" time="0.321" /><testcase classname="tests.test_refactoring_iter13.TestAuthenticatedEndpoints" name="test_get_contacts_unauthorized" time="0.288" /><testcase classname="tests.test_refactoring_iter13.TestAuthenticatedEndpoints" name="test_get_inventory" time="0.302" /><testcase classname="tests.test_refactoring_iter13.TestAuthenticatedEndpoints" name="test_get_inventory_unauthorized" time="0.251" /><testcase classname="tests.test_refactoring_iter13.TestAuthenticatedEndpoints" name="test_get_submissions" time="0.266" /><testcase classname="tests.test_refactoring_iter13.TestAuthenticatedEndpoints" name="test_get_submissions_unauthorized" time="0.478" /><testcase classname="tests.test_refactoring_iter13.TestAuthenticatedEndpoints" name="test_get_reminders" time="0.410" /><testcase classname="tests.test_refactoring_iter13.TestProductCodes" name="test_get_product_codes" time="0.111" /><testcase classname="tests.test_refactoring_iter13.TestInventoryStats" name="test_inventory_stats_summary" time="0.259" /></testsuite></testsuites>