<?xml version="1.0" encoding="utf-8"?><testsuites name="pytest tests"><testsuite name="pytest" errors="0" failures="0" skipped="0" tests="10" time="16.099" timestamp="2026-03-06T21:34:22.988794+00:00" hostname="agent-env-b0b88eb3-70d9-40d9-8337-5ec94abc83ab"><testcase classname="tests.test_toc_extraction.TestScanPDF" name="test_scan_jan2026_pdf" time="0.529" /><testcase classname="tests.test_toc_extraction.TestScanPDF" name="test_scan_feb2026_pdf" time="0.517" /><testcase classname="tests.test_toc_extraction.TestScanPDF" name="test_scan_mar2026_pdf" time="0.345" /><testcase classname="tests.test_toc_extraction.TestScanPDF" name="test_scan_pdf_wrong_password" time="0.464" /><testcase classname="tests.test_toc_extraction.TestExtractPDF" name="test_extract_mar2026_programs" time="7.179" /><testcase classname="tests.test_toc_extraction.TestExtractPDF" name="test_extract_feb2026_programs" time="6.288" /><testcase classname="tests.test_toc_extraction.TestProgramMeta" name="test_mar2026_meta_loyalty_rate" time="0.141" /><testcase classname="tests.test_toc_extraction.TestProgramMeta" name="test_feb2026_meta_deferred_payment" time="0.137" /><testcase classname="tests.test_toc_extraction.TestProgramMeta" name="test_meta_brands_list" time="0.154" /><testcase classname="tests.test_toc_extraction.TestCalculatorIntegration" name="test_loyalty_rate_deduction" time="0.166" /></testsuite></testsuites>