<?xml version="1.0" encoding="utf-8"?><testsuites name="pytest tests"><testsuite name="pytest" errors="0" failures="2" skipped="0" tests="12" time="3.840" timestamp="2026-02-25T16:51:04.614431+00:00" hostname="agent-env-93c2a266-12a9-4b95-a212-d2cc01d64360"><testcase classname="backend.tests.test_sci_cascade_iter7.TestSciVehicleHierarchy" name="test_vehicle_hierarchy_returns_200" time="0.179" /><testcase classname="backend.tests.test_sci_cascade_iter7.TestSciVehicleHierarchy" name="test_hierarchy_contains_expected_brands" time="0.209" /><testcase classname="backend.tests.test_sci_cascade_iter7.TestSciVehicleHierarchy" name="test_hierarchy_has_models_for_jeep" time="0.255" /><testcase classname="backend.tests.test_sci_cascade_iter7.TestSciVehicleHierarchy" name="test_hierarchy_has_body_styles_for_trims" time="0.129" /><testcase classname="backend.tests.test_sci_cascade_iter7.TestSciVehicleHierarchy" name="test_chrysler_pacifica_structure" time="0.183" /><testcase classname="backend.tests.test_sci_cascade_iter7.TestInventoryWithBodyStyle" name="test_create_vehicle_with_body_style" time="0.502"><failure message="assert 404 == 200&#10; +  where 404 = &lt;Response [404]&gt;.status_code">backend/tests/test_sci_cascade_iter7.py:173: in test_create_vehicle_with_body_style
    assert get_response.status_code == 200
E   assert 404 == 200
E    +  where 404 = &lt;Response [404]&gt;.status_code</failure></testcase><testcase classname="backend.tests.test_sci_cascade_iter7.TestInventoryWithBodyStyle" name="test_create_vehicle_ram_1500_with_body_style" time="0.494" /><testcase classname="backend.tests.test_sci_cascade_iter7.TestInventoryWithBodyStyle" name="test_update_vehicle_body_style" time="0.732"><failure message="assert 404 == 200&#10; +  where 404 = &lt;Response [404]&gt;.status_code">backend/tests/test_sci_cascade_iter7.py:253: in test_update_vehicle_body_style
    assert update_response.status_code == 200
E   assert 404 == 200
E    +  where 404 = &lt;Response [404]&gt;.status_code</failure></testcase><testcase classname="backend.tests.test_sci_cascade_iter7.TestCascadingLogic" name="test_cascade_brand_to_models" time="0.204" /><testcase classname="backend.tests.test_sci_cascade_iter7.TestCascadingLogic" name="test_cascade_model_to_trims" time="0.211" /><testcase classname="backend.tests.test_sci_cascade_iter7.TestCascadingLogic" name="test_cascade_trim_to_body_styles" time="0.520" /><testcase classname="backend.tests.test_sci_cascade_iter7.TestCascadingLogic" name="test_full_cascade_path" time="0.124" /></testsuite></testsuites>